[36mâ ‹[39m Generating browser application bundles (phase: setup)...[2K[1G[36mâ ™[39m Generating browser application bundles (phase: setup)...[2K[1G[36mâ ¹[39m Generating browser application bundles (phase: building)...[2K[1G[36mâ ¸[39m Generating browser application bundles (phase: building)...[2K[1G[36mâ ¼[39m Generating browser application bundles (phase: building)...[2K[1G[36mâ ´[39m Generating browser application bundles (phase: building)...[2K[1G[36mâ ¦[39m Generating browser application bundles (phase: building)...[2K[1G[36mâ §[39m Generating browser application bundles (phase: building)...[2K[1G[36mâ ‡[39m Generating browser application bundles (phase: building)...[2K[1G[36mâ [39m Generating browser application bundles (phase: building)...[2K[1G[36mâ ‹[39m Generating browser application bundles (phase: building)...[2K[1G[36mâ ™[39m Generating browser application bundles (phase: building)...[2K[1G[36mâ ¹[39m Generating browser application bundles (phase: sealing)...[2K[1G[32mâœ”[39m Browser application bundle generation complete.
[37m[39m
[37m[0m[1mInitial Chunk Files[22m  [2m | [22m[1mNames[22m        [2m | [22m [1mRaw Size[22m[0m[39m
[37m[0m[92mvendor.js[39m[37m            [2m | [22mvendor       [2m | [22m  [96m2.82 MB[39m[37m[2m | [22m[0m[39m
[37m[0m[92mpolyfills.js[39m[37m         [2m | [22mpolyfills    [2m | [22m[96m294.85 kB[39m[37m[2m | [22m[0m[39m
[37m[0m[92mstyles.css, styles.js[39m[37m[2m | [22mstyles       [2m | [22m[96m251.48 kB[39m[37m[2m | [22m[0m[39m
[37m[0m[92mmain.js[39m[37m              [2m | [22mmain         [2m | [22m [96m28.36 kB[39m[37m[2m | [22m[0m[39m
[37m[0m[92mruntime.js[39m[37m           [2m | [22mruntime      [2m | [22m  [96m6.52 kB[39m[37m[2m | [22m[0m[39m
[37m[0m[0m[39m
[37m[0m[1m [22m                    [2m | [22m[1mInitial Total[22m[2m | [22m  [1m3.39 MB[22m[0m[39m
[37m[0m[0m[39m
[37m[0mBuild at: [1m[37m2022-05-19T09:28:28.150Z[39m[37m[22m - Hash: [1m[37m63cd7ae5ebd1b0b1[39m[37m[22m - Time: [1m[37m4826[39m[37m[22mms[0m[39m
[1m[31m[39m[22m
[1m[31m[0m[91mError: [39m[31m[0m[96mapps/tinder-like/src/app/match/confirm/confirm.component.ts[0m:[93m10[0m:[93m53[0m - [91merror[0m[90m TS2304: [0mCannot find name 'DialogData'.[39m[22m
[1m[31m[39m[22m
[1m[31m[7m10[0m   constructor(@Inject(MAT_DIALOG_DATA) public data: DialogData) {}[39m[22m
[1m[31m[7m  [0m [91m                                                    ~~~~~~~~~~[0m[39m[22m
[1m[31m[39m[22m
[1m[31m[39m[22m
[1m[31m[39m[22m
[37m[39m
[37m** Angular Live Development Server is listening on localhost:4200, open your browser on http://localhost:4200/ **[39m
[37m[39m
[37m[39m
[37m[91mâœ–[39m[37m Failed to compile.[39m
[36mâ ‹[39m Generating browser application bundles...[2K[1G[36mâ ™[39m Generating browser application bundles (phase: building)...[2K[1G[36mâ ¹[39m Generating browser application bundles (phase: building)...[2K[1G[36mâ ¸[39m Generating browser application bundles (phase: sealing)...[2K[1G[32mâœ”[39m Browser application bundle generation complete.
[37m[39m
[37m[0m[1mInitial Chunk Files[22m[2m | [22m[1mNames[22m  [2m | [22m[1mRaw Size[22m[0m[39m
[37m[0m[92mmain.js[39m[37m            [2m | [22mmain   [2m | [22m[96m28.36 kB[39m[37m[2m | [22m[0m[39m
[37m[0m[92mruntime.js[39m[37m         [2m | [22mruntime[2m | [22m [96m6.52 kB[39m[37m[2m | [22m[0m[39m
[37m[0m[0m[39m
[37m[0m3 unchanged chunks[0m[39m
[37m[0m[0m[39m
[37m[0mBuild at: [1m[37m2022-05-19T09:28:51.084Z[39m[37m[22m - Hash: [1m[37m0ff639d0817523a3[39m[37m[22m - Time: [1m[37m998[39m[37m[22mms[0m[39m
[37m[39m
[37m[92mâœ”[39m[37m Compiled successfully.[39m
[36mâ ‹[39m Generating browser application bundles...[2K[1G[36mâ ™[39m Generating browser application bundles (phase: building)...[2K[1G[36mâ ¹[39m Generating browser application bundles (phase: building)...[2K[1G[36mâ ¸[39m Generating browser application bundles (phase: building)...[2K[1G[36mâ ¼[39m Generating browser application bundles (phase: sealing)...[2K[1G[32mâœ”[39m Browser application bundle generation complete.
[37m[39m
[37m[0m5 unchanged chunks[0m[39m
[37m[0m[0m[39m
[37m[0mBuild at: [1m[37m2022-05-19T09:28:52.039Z[39m[37m[22m - Hash: [1m[37m0ff639d0817523a3[39m[37m[22m - Time: [1m[37m878[39m[37m[22mms[0m[39m
[37m[39m
[37m[92mâœ”[39m[37m Compiled successfully.[39m
[36mâ ‹[39m Generating browser application bundles...[2K[1G[36mâ ™[39m Generating browser application bundles (phase: building)...[2K[1G[36mâ ¹[39m Generating browser application bundles (phase: building)...[2K[1G[36mâ ¸[39m Generating browser application bundles (phase: building)...[2K[1G[36mâ ¼[39m Generating browser application bundles (phase: building)...[2K[1G[36mâ ´[39m Generating browser application bundles (phase: building)...[2K[1G[36mâ ¦[39m Generating browser application bundles (phase: building)...[2K[1G[36mâ §[39m Generating browser application bundles (phase: building)...[2K[1G[36mâ ‡[39m Generating browser application bundles (phase: sealing)...[2K[1G[32mâœ”[39m Browser application bundle generation complete.
[37m[39m
[37m[0m[1mInitial Chunk Files[22m[2m | [22m[1mNames[22m  [2m | [22m[1mRaw Size[22m[0m[39m
[37m[0m[92mmain.js[39m[37m            [2m | [22mmain   [2m | [22m[96m28.45 kB[39m[37m[2m | [22m[0m[39m
[37m[0m[92mruntime.js[39m[37m         [2m | [22mruntime[2m | [22m [96m6.52 kB[39m[37m[2m | [22m[0m[39m
[37m[0m[0m[39m
[37m[0m3 unchanged chunks[0m[39m
[37m[0m[0m[39m
[37m[0mBuild at: [1m[37m2022-05-19T09:33:12.233Z[39m[37m[22m - Hash: [1m[37m53215763442b5d31[39m[37m[22m - Time: [1m[37m2054[39m[37m[22mms[0m[39m
[1m[31m[39m[22m
[1m[31m[0m[91mError: [39m[31m[0m[96mapps/tinder-like/src/app/match/match.component.ts[0m:[93m23[0m:[93m50[0m - [91merror[0m[90m TS2339: [0mProperty 'menuTrigger' does not exist on type 'MatchComponent'.[39m[22m
[1m[31m[39m[22m
[1m[31m[7m23[0m     dialogRef.afterClosed().subscribe(() => this.menuTrigger.focus());[39m[22m
[1m[31m[7m  [0m [91m                                                 ~~~~~~~~~~~[0m[39m[22m
[1m[31m[39m[22m
[1m[31m[39m[22m
[1m[31m[39m[22m
[37m[39m
[37m[91mâœ–[39m[37m Failed to compile.[39m
[36mâ ‹[39m Generating browser application bundles...[2K[1G[36mâ ™[39m Generating browser application bundles (phase: building)...[2K[1G[36mâ ¹[39m Generating browser application bundles (phase: building)...[2K[1G[36mâ ¸[39m Generating browser application bundles (phase: building)...[2K[1G[36mâ ¼[39m Generating browser application bundles (phase: sealing)...[2K[1G[32mâœ”[39m Browser application bundle generation complete.
[37m[39m
[37m[0m[1mInitial Chunk Files[22m[2m | [22m[1mNames[22m  [2m | [22m[1mRaw Size[22m[0m[39m
[37m[0m[92mmain.js[39m[37m            [2m | [22mmain   [2m | [22m[96m26.71 kB[39m[37m[2m | [22m[0m[39m
[37m[0m[92mruntime.js[39m[37m         [2m | [22mruntime[2m | [22m [96m6.52 kB[39m[37m[2m | [22m[0m[39m
[37m[0m[0m[39m
[37m[0m3 unchanged chunks[0m[39m
[37m[0m[0m[39m
[37m[0mBuild at: [1m[37m2022-05-19T09:34:48.891Z[39m[37m[22m - Hash: [1m[37me4dcd6fc835b5781[39m[37m[22m - Time: [1m[37m907[39m[37m[22mms[0m[39m
[1m[31m[39m[22m
[1m[31m[0m[91mError: [39m[31m[0m[96mapps/tinder-like/src/app/match/match.component.ts[0m:[93m23[0m:[93m50[0m - [91merror[0m[90m TS2339: [0mProperty 'menuTrigger' does not exist on type 'MatchComponent'.[39m[22m
[1m[31m[39m[22m
[1m[31m[7m23[0m     dialogRef.afterClosed().subscribe(() => this.menuTrigger.focus());[39m[22m
[1m[31m[7m  [0m [91m                                                 ~~~~~~~~~~~[0m[39m[22m
[1m[31m[39m[22m
[1m[31m[39m[22m
[1m[31m[39m[22m
[37m[39m
[37m[91mâœ–[39m[37m Failed to compile.[39m
[36mâ ‹[39m Generating browser application bundles...[2K[1G[36mâ ™[39m Generating browser application bundles (phase: building)...[2K[1G[36mâ ¹[39m Generating browser application bundles (phase: building)...[2K[1G[32mâœ”[39m Browser application bundle generation complete.
[37m[39m
[37m[0m5 unchanged chunks[0m[39m
[37m[0m[0m[39m
[37m[0mBuild at: [1m[37m2022-05-19T09:34:49.536Z[39m[37m[22m - Hash: [1m[37me4dcd6fc835b5781[39m[37m[22m - Time: [1m[37m566[39m[37m[22mms[0m[39m
[1m[31m[39m[22m
[1m[31m[0m[91mError: [39m[31m[0m[96mapps/tinder-like/src/app/match/match.component.ts[0m:[93m23[0m:[93m50[0m - [91merror[0m[90m TS2339: [0mProperty 'menuTrigger' does not exist on type 'MatchComponent'.[39m[22m
[1m[31m[39m[22m
[1m[31m[7m23[0m     dialogRef.afterClosed().subscribe(() => this.menuTrigger.focus());[39m[22m
[1m[31m[7m  [0m [91m                                                 ~~~~~~~~~~~[0m[39m[22m
[1m[31m[39m[22m
[1m[31m[39m[22m
[1m[31m[39m[22m
[37m[39m
[37m[91mâœ–[39m[37m Failed to compile.[39m
[36mâ ‹[39m Generating browser application bundles...[2K[1G[36mâ ™[39m Generating browser application bundles (phase: building)...[2K[1G[36mâ ¹[39m Generating browser application bundles (phase: building)...[2K[1G[36mâ ¸[39m Generating browser application bundles (phase: building)...[2K[1G[36mâ ¼[39m Generating browser application bundles (phase: building)...[2K[1G[36mâ ´[39m Generating browser application bundles (phase: building)...[2K[1G[36mâ ¦[39m Generating browser application bundles (phase: sealing)...[2K[1G[32mâœ”[39m Browser application bundle generation complete.
[37m[39m
[37m[0m[1mInitial Chunk Files[22m[2m | [22m[1mNames[22m  [2m | [22m[1mRaw Size[22m[0m[39m
[37m[0m[92mmain.js[39m[37m            [2m | [22mmain   [2m | [22m[96m26.69 kB[39m[37m[2m | [22m[0m[39m
[37m[0m[92mruntime.js[39m[37m         [2m | [22mruntime[2m | [22m [96m6.52 kB[39m[37m[2m | [22m[0m[39m
[37m[0m[0m[39m
[37m[0m3 unchanged chunks[0m[39m
[37m[0m[0m[39m
[37m[0mBuild at: [1m[37m2022-05-19T09:38:06.693Z[39m[37m[22m - Hash: [1m[37m472c9228da1b2776[39m[37m[22m - Time: [1m[37m1484[39m[37m[22mms[0m[39m
[37m[39m
[37m[92mâœ”[39m[37m Compiled successfully.[39m
[36mâ ‹[39m Generating browser application bundles...[2K[1G[36mâ ™[39m Generating browser application bundles (phase: building)...[2K[1G[36mâ ¹[39m Generating browser application bundles (phase: building)...[2K[1G[36mâ ¸[39m Generating browser application bundles (phase: building)...[2K[1G[36mâ ¼[39m Generating browser application bundles (phase: sealing)...[2K[1G[32mâœ”[39m Browser application bundle generation complete.
[37m[39m
[37m[0m5 unchanged chunks[0m[39m
[37m[0m[0m[39m
[37m[0mBuild at: [1m[37m2022-05-19T09:38:07.517Z[39m[37m[22m - Hash: [1m[37m472c9228da1b2776[39m[37m[22m - Time: [1m[37m709[39m[37m[22mms[0m[39m
[37m[39m
[37m[92mâœ”[39m[37m Compiled successfully.[39m
[36mâ ‹[39m Generating browser application bundles...[2K[1G[36mâ ™[39m Generating browser application bundles (phase: building)...[2K[1G[36mâ ¹[39m Generating browser application bundles (phase: building)...[2K[1G[36mâ ¸[39m Generating browser application bundles (phase: building)...[2K[1G[36mâ ¼[39m Generating browser application bundles (phase: building)...[2K[1G[36mâ ´[39m Generating browser application bundles (phase: sealing)...[2K[1G[36mâ ¦[39m Generating browser application bundles (phase: sealing)...[2K[1G[32mâœ”[39m Browser application bundle generation complete.
[37m[39m
[37m[0m[1mInitial Chunk Files[22m[2m | [22m[1mNames[22m  [2m | [22m[1mRaw Size[22m[0m[39m
[37m[0m[92mmain.js[39m[37m            [2m | [22mmain   [2m | [22m[96m27.88 kB[39m[37m[2m | [22m[0m[39m
[37m[0m[92mruntime.js[39m[37m         [2m | [22mruntime[2m | [22m [96m6.52 kB[39m[37m[2m | [22m[0m[39m
[37m[0m[0m[39m
[37m[0m3 unchanged chunks[0m[39m
[37m[0m[0m[39m
[37m[0mBuild at: [1m[37m2022-05-19T09:40:41.017Z[39m[37m[22m - Hash: [1m[37m43bbd3e31a91cf4d[39m[37m[22m - Time: [1m[37m1219[39m[37m[22mms[0m[39m
[37m[39m
[37m[92mâœ”[39m[37m Compiled successfully.[39m
[36mâ ‹[39m Generating browser application bundles...[2K[1G[36mâ ™[39m Generating browser application bundles (phase: building)...[2K[1G[36mâ ¹[39m Generating browser application bundles (phase: building)...[2K[1G[36mâ ¸[39m Generating browser application bundles (phase: sealing)...[2K[1G[32mâœ”[39m Browser application bundle generation complete.
[37m[39m
[37m[0m5 unchanged chunks[0m[39m
[37m[0m[0m[39m
[37m[0mBuild at: [1m[37m2022-05-19T09:40:41.875Z[39m[37m[22m - Hash: [1m[37m43bbd3e31a91cf4d[39m[37m[22m - Time: [1m[37m760[39m[37m[22mms[0m[39m
[37m[39m
[37m[92mâœ”[39m[37m Compiled successfully.[39m
[36mâ ‹[39m Generating browser application bundles...[2K[1G[36mâ ™[39m Generating browser application bundles (phase: building)...[2K[1G[36mâ ¹[39m Generating browser application bundles (phase: building)...[2K[1G[36mâ ¸[39m Generating browser application bundles (phase: sealing)...[2K[1G[32mâœ”[39m Browser application bundle generation complete.
[37m[39m
[37m[0m[1mInitial Chunk Files[22m[2m | [22m[1mNames[22m  [2m | [22m[1mRaw Size[22m[0m[39m
[37m[0m[92mmain.js[39m[37m            [2m | [22mmain   [2m | [22m[96m28.18 kB[39m[37m[2m | [22m[0m[39m
[37m[0m[92mruntime.js[39m[37m         [2m | [22mruntime[2m | [22m [96m6.52 kB[39m[37m[2m | [22m[0m[39m
[37m[0m[0m[39m
[37m[0m3 unchanged chunks[0m[39m
[37m[0m[0m[39m
[37m[0mBuild at: [1m[37m2022-05-19T09:40:42.988Z[39m[37m[22m - Hash: [1m[37m05fdbeffde3c190f[39m[37m[22m - Time: [1m[37m688[39m[37m[22mms[0m[39m
[37m[39m
[37m[92mâœ”[39m[37m Compiled successfully.[39m
[36mâ ‹[39m Generating browser application bundles...[2K[1G[36mâ ™[39m Generating browser application bundles (phase: building)...[2K[1G[36mâ ¹[39m Generating browser application bundles (phase: building)...[2K[1G[36mâ ¸[39m Generating browser application bundles (phase: sealing)...[2K[1G[32mâœ”[39m Browser application bundle generation complete.
[37m[39m
[37m[0m[1mInitial Chunk Files[22m[2m | [22m[1mNames[22m  [2m | [22m[1mRaw Size[22m[0m[39m
[37m[0m[92mmain.js[39m[37m            [2m | [22mmain   [2m | [22m[96m28.19 kB[39m[37m[2m | [22m[0m[39m
[37m[0m[92mruntime.js[39m[37m         [2m | [22mruntime[2m | [22m [96m6.52 kB[39m[37m[2m | [22m[0m[39m
[37m[0m[0m[39m
[37m[0m3 unchanged chunks[0m[39m
[37m[0m[0m[39m
[37m[0mBuild at: [1m[37m2022-05-19T09:41:32.273Z[39m[37m[22m - Hash: [1m[37m687b40c82e63ac34[39m[37m[22m - Time: [1m[37m824[39m[37m[22mms[0m[39m
[37m[39m
[37m[92mâœ”[39m[37m Compiled successfully.[39m
[36mâ ‹[39m Generating browser application bundles...[2K[1G[36mâ ™[39m Generating browser application bundles (phase: building)...[2K[1G[36mâ ¹[39m Generating browser application bundles (phase: building)...[2K[1G[36mâ ¸[39m Generating browser application bundles (phase: building)...[2K[1G[36mâ ¼[39m Generating browser application bundles (phase: sealing)...[2K[1G[32mâœ”[39m Browser application bundle generation complete.
[37m[39m
[37m[0m5 unchanged chunks[0m[39m
[37m[0m[0m[39m
[37m[0mBuild at: [1m[37m2022-05-19T09:41:32.853Z[39m[37m[22m - Hash: [1m[37m687b40c82e63ac34[39m[37m[22m - Time: [1m[37m527[39m[37m[22mms[0m[39m
[37m[39m
[37m[92mâœ”[39m[37m Compiled successfully.[39m
[36mâ ‹[39m Generating browser application bundles...[2K[1G[36mâ ™[39m Generating browser application bundles (phase: building)...[2K[1G[36mâ ¹[39m Generating browser application bundles (phase: building)...[2K[1G[36mâ ¸[39m Generating browser application bundles (phase: sealing)...[2K[1G[32mâœ”[39m Browser application bundle generation complete.
[37m[39m
[37m[0m5 unchanged chunks[0m[39m
[37m[0m[0m[39m
[37m[0mBuild at: [1m[37m2022-05-19T09:41:54.137Z[39m[37m[22m - Hash: [1m[37m687b40c82e63ac34[39m[37m[22m - Time: [1m[37m651[39m[37m[22mms[0m[39m
[37m[39m
[37m[92mâœ”[39m[37m Compiled successfully.[39m
[36mâ ‹[39m Generating browser application bundles...[2K[1G[36mâ ™[39m Generating browser application bundles (phase: building)...[2K[1G[32mâœ”[39m Browser application bundle generation complete.
[37m[39m
[37m[0m5 unchanged chunks[0m[39m
[37m[0m[0m[39m
[37m[0mBuild at: [1m[37m2022-05-19T09:41:54.324Z[39m[37m[22m - Hash: [1m[37m687b40c82e63ac34[39m[37m[22m - Time: [1m[37m141[39m[37m[22mms[0m[39m
[37m[39m
[37m[92mâœ”[39m[37m Compiled successfully.[39m
[36mâ ‹[39m Generating browser application bundles...[2K[1G[36mâ ™[39m Generating browser application bundles (phase: building)...[2K[1G[36mâ ¹[39m Generating browser application bundles (phase: building)...[2K[1G[36mâ ¸[39m Generating browser application bundles (phase: building)...[2K[1G[36mâ ¼[39m Generating browser application bundles (phase: building)...[2K[1G[36mâ ´[39m Generating browser application bundles (phase: sealing)...[2K[1G[36mâ ¦[39m Generating browser application bundles (phase: sealing)...[2K[1G[32mâœ”[39m Browser application bundle generation complete.
[37m[39m
[37m[0m[1mInitial Chunk Files[22m[2m | [22m[1mNames[22m  [2m | [22m[1mRaw Size[22m[0m[39m
[37m[0m[92mmain.js[39m[37m            [2m | [22mmain   [2m | [22m[96m27.32 kB[39m[37m[2m | [22m[0m[39m
[37m[0m[92mruntime.js[39m[37m         [2m | [22mruntime[2m | [22m [96m6.52 kB[39m[37m[2m | [22m[0m[39m
[37m[0m[0m[39m
[37m[0m3 unchanged chunks[0m[39m
[37m[0m[0m[39m
[37m[0mBuild at: [1m[37m2022-05-19T09:42:32.218Z[39m[37m[22m - Hash: [1m[37mad20c61707d9d90d[39m[37m[22m - Time: [1m[37m988[39m[37m[22mms[0m[39m
[1m[31m[39m[22m
[1m[31m[0m[91mError: [39m[31m[0m[96mapps/tinder-like/src/app/match/confirm/confirm.component.html[0m:[93m2[0m:[93m3[0m - [91merror[0m[90m NG8001: [0m'mat-dialog-actions' is not a known element:[39m[22m
[1m[31m1. If 'mat-dialog-actions' is an Angular component, then verify that it is part of this module.[39m[22m
[1m[31m2. If 'mat-dialog-actions' is a Web Component then add 'CUSTOM_ELEMENTS_SCHEMA' to the '@NgModule.schemas' of this component to suppress this message.[39m[22m
[1m[31m[39m[22m
[1m[31m[7m2[0m   <mat-dialog-actions>[39m[22m
[1m[31m[7m [0m [91m  ~~~~~~~~~~~~~~~~~~~~[0m[39m[22m
[1m[31m[39m[22m
[1m[31m  [96mapps/tinder-like/src/app/match/confirm/confirm.component.ts[0m:[93m7[0m:[93m16[0m[39m[22m
[1m[31m    [7m7[0m   templateUrl: './confirm.component.html',[39m[22m
[1m[31m    [7m [0m [96m               ~~~~~~~~~~~~~~~~~~~~~~~~~~[0m[39m[22m
[1m[31m    Error occurs in the template of component ConfirmComponent.[39m[22m
[1m[31m[39m[22m
[1m[31m[39m[22m
[1m[31m[39m[22m
[37m[39m
[37m[91mâœ–[39m[37m Failed to compile.[39m
[36mâ ‹[39m Generating browser application bundles...[2K[1G[36mâ ™[39m Generating browser application bundles (phase: building)...[2K[1G[36mâ ¹[39m Generating browser application bundles (phase: building)...[2K[1G[36mâ ¸[39m Generating browser application bundles (phase: sealing)...[2K[1G[32mâœ”[39m Browser application bundle generation complete.
[37m[39m
[37m[0m5 unchanged chunks[0m[39m
[37m[0m[0m[39m
[37m[0mBuild at: [1m[37m2022-05-19T09:42:33.004Z[39m[37m[22m - Hash: [1m[37mad20c61707d9d90d[39m[37m[22m - Time: [1m[37m688[39m[37m[22mms[0m[39m
[1m[31m[39m[22m
[1m[31m[0m[91mError: [39m[31m[0m[96mapps/tinder-like/src/app/match/confirm/confirm.component.html[0m:[93m2[0m:[93m3[0m - [91merror[0m[90m NG8001: [0m'mat-dialog-actions' is not a known element:[39m[22m
[1m[31m1. If 'mat-dialog-actions' is an Angular component, then verify that it is part of this module.[39m[22m
[1m[31m2. If 'mat-dialog-actions' is a Web Component then add 'CUSTOM_ELEMENTS_SCHEMA' to the '@NgModule.schemas' of this component to suppress this message.[39m[22m
[1m[31m[39m[22m
[1m[31m[7m2[0m   <mat-dialog-actions>[39m[22m
[1m[31m[7m [0m [91m  ~~~~~~~~~~~~~~~~~~~~[0m[39m[22m
[1m[31m[39m[22m
[1m[31m  [96mapps/tinder-like/src/app/match/confirm/confirm.component.ts[0m:[93m7[0m:[93m16[0m[39m[22m
[1m[31m    [7m7[0m   templateUrl: './confirm.component.html',[39m[22m
[1m[31m    [7m [0m [96m               ~~~~~~~~~~~~~~~~~~~~~~~~~~[0m[39m[22m
[1m[31m    Error occurs in the template of component ConfirmComponent.[39m[22m
[1m[31m[39m[22m
[1m[31m[39m[22m
[1m[31m[39m[22m
[37m[39m
[37m[91mâœ–[39m[37m Failed to compile.[39m
[36mâ ‹[39m Generating browser application bundles...[2K[1G[36mâ ™[39m Generating browser application bundles (phase: building)...[2K[1G[36mâ ¹[39m Generating browser application bundles (phase: building)...[2K[1G[32mâœ”[39m Browser application bundle generation complete.
[37m[39m
[37m[0m[1mInitial Chunk Files[22m[2m | [22m[1mNames[22m  [2m | [22m[1mRaw Size[22m[0m[39m
[37m[0m[92mmain.js[39m[37m            [2m | [22mmain   [2m | [22m[96m27.31 kB[39m[37m[2m | [22m[0m[39m
[37m[0m[92mruntime.js[39m[37m         [2m | [22mruntime[2m | [22m [96m6.52 kB[39m[37m[2m | [22m[0m[39m
[37m[0m[0m[39m
[37m[0m3 unchanged chunks[0m[39m
[37m[0m[0m[39m
[37m[0mBuild at: [1m[37m2022-05-19T09:42:33.432Z[39m[37m[22m - Hash: [1m[37m9f1be8bd7faa7742[39m[37m[22m - Time: [1m[37m361[39m[37m[22mms[0m[39m
[1m[31m[39m[22m
[1m[31m[0m[91mError: [39m[31m[0m[96mapps/tinder-like/src/app/match/confirm/confirm.component.html[0m:[93m1[0m:[93m1[0m - [91merror[0m[90m NG8001: [0m'mat-dialog-actions' is not a known element:[39m[22m
[1m[31m1. If 'mat-dialog-actions' is an Angular component, then verify that it is part of this module.[39m[22m
[1m[31m2. If 'mat-dialog-actions' is a Web Component then add 'CUSTOM_ELEMENTS_SCHEMA' to the '@NgModule.schemas' of this component to suppress this message.[39m[22m
[1m[31m[39m[22m
[1m[31m[7m1[0m <mat-dialog-actions>[39m[22m
[1m[31m[7m [0m [91m~~~~~~~~~~~~~~~~~~~~[0m[39m[22m
[1m[31m[39m[22m
[1m[31m  [96mapps/tinder-like/src/app/match/confirm/confirm.component.ts[0m:[93m7[0m:[93m16[0m[39m[22m
[1m[31m    [7m7[0m   templateUrl: './confirm.component.html',[39m[22m
[1m[31m    [7m [0m [96m               ~~~~~~~~~~~~~~~~~~~~~~~~~~[0m[39m[22m
[1m[31m    Error occurs in the template of component ConfirmComponent.[39m[22m
[1m[31m[39m[22m
[1m[31m[39m[22m
[1m[31m[39m[22m
[37m[39m
[37m[91mâœ–[39m[37m Failed to compile.[39m
[36mâ ‹[39m Generating browser application bundles...[2K[1G[36mâ ™[39m Generating browser application bundles (phase: building)...[2K[1G[36mâ ¹[39m Generating browser application bundles (phase: building)...[2K[1G[36mâ ¸[39m Generating browser application bundles (phase: sealing)...[2K[1G[32mâœ”[39m Browser application bundle generation complete.
[37m[39m
[37m[0m[1mInitial Chunk Files[22m[2m | [22m[1mNames[22m  [2m | [22m[1mRaw Size[22m[0m[39m
[37m[0m[92mmain.js[39m[37m            [2m | [22mmain   [2m | [22m[96m27.15 kB[39m[37m[2m | [22m[0m[39m
[37m[0m[92mruntime.js[39m[37m         [2m | [22mruntime[2m | [22m [96m6.52 kB[39m[37m[2m | [22m[0m[39m
[37m[0m[0m[39m
[37m[0m3 unchanged chunks[0m[39m
[37m[0m[0m[39m
[37m[0mBuild at: [1m[37m2022-05-19T09:42:41.564Z[39m[37m[22m - Hash: [1m[37m8bf39a0bc0031ddf[39m[37m[22m - Time: [1m[37m708[39m[37m[22mms[0m[39m
[37m[39m
[37m[92mâœ”[39m[37m Compiled successfully.[39m
[36mâ ‹[39m Generating browser application bundles...[2K[1G[36mâ ™[39m Generating browser application bundles (phase: building)...[2K[1G[36mâ ¹[39m Generating browser application bundles (phase: building)...[2K[1G[36mâ ¸[39m Generating browser application bundles (phase: sealing)...[2K[1G[32mâœ”[39m Browser application bundle generation complete.
[37m[39m
[37m[0m5 unchanged chunks[0m[39m
[37m[0m[0m[39m
[37m[0mBuild at: [1m[37m2022-05-19T09:42:42.241Z[39m[37m[22m - Hash: [1m[37m8bf39a0bc0031ddf[39m[37m[22m - Time: [1m[37m597[39m[37m[22mms[0m[39m
[37m[39m
[37m[92mâœ”[39m[37m Compiled successfully.[39m
[36mâ ‹[39m Generating browser application bundles...[2K[1G[36mâ ™[39m Generating browser application bundles (phase: building)...[2K[1G[36mâ ¹[39m Generating browser application bundles (phase: building)...[2K[1G[36mâ ¸[39m Generating browser application bundles (phase: sealing)...[2K[1G[32mâœ”[39m Browser application bundle generation complete.
[37m[39m
[37m[0m[1mInitial Chunk Files[22m[2m | [22m[1mNames[22m  [2m | [22m[1mRaw Size[22m[0m[39m
[37m[0m[92mmain.js[39m[37m            [2m | [22mmain   [2m | [22m[96m27.23 kB[39m[37m[2m | [22m[0m[39m
[37m[0m[92mruntime.js[39m[37m         [2m | [22mruntime[2m | [22m [96m6.52 kB[39m[37m[2m | [22m[0m[39m
[37m[0m[0m[39m
[37m[0m3 unchanged chunks[0m[39m
[37m[0m[0m[39m
[37m[0mBuild at: [1m[37m2022-05-19T09:42:48.546Z[39m[37m[22m - Hash: [1m[37mecc711d465dc1f25[39m[37m[22m - Time: [1m[37m724[39m[37m[22mms[0m[39m
[37m[39m
[37m[92mâœ”[39m[37m Compiled successfully.[39m
[36mâ ‹[39m Generating browser application bundles...[2K[1G[36mâ ™[39m Generating browser application bundles (phase: building)...[2K[1G[36mâ ¹[39m Generating browser application bundles (phase: building)...[2K[1G[36mâ ¸[39m Generating browser application bundles (phase: sealing)...[2K[1G[32mâœ”[39m Browser application bundle generation complete.
[37m[39m
[37m[0m[1mInitial Chunk Files[22m[2m | [22m[1mNames[22m  [2m | [22m[1mRaw Size[22m[0m[39m
[37m[0m[92mvendor.js[39m[37m          [2m | [22mvendor [2m | [22m [96m2.83 MB[39m[37m[2m | [22m[0m[39m
[37m[0m[92mmain.js[39m[37m            [2m | [22mmain   [2m | [22m[96m23.65 kB[39m[37m[2m | [22m[0m[39m
[37m[0m[92mruntime.js[39m[37m         [2m | [22mruntime[2m | [22m [96m6.52 kB[39m[37m[2m | [22m[0m[39m
[37m[0m[0m[39m
[37m[0m2 unchanged chunks[0m[39m
[37m[0m[0m[39m
[37m[0mBuild at: [1m[37m2022-05-19T09:43:06.617Z[39m[37m[22m - Hash: [1m[37m50738e0cd7e134a0[39m[37m[22m - Time: [1m[37m694[39m[37m[22mms[0m[39m
[1m[31m[39m[22m
[1m[31m[0m[91mError: [39m[31m[0m[96mapps/tinder-like/src/app/match/confirm/confirm.component.html[0m:[93m1[0m:[93m26[0m - [91merror[0m[90m NG5002: [0m"let-" is only supported on ng-template elements.[39m[22m
[1m[31m[39m[22m
[1m[31m[7m1[0m <<ng-container transloco let-t>[39m[22m
[1m[31m[7m [0m [91m                         ~~~~~[0m[39m[22m
[1m[31m[39m[22m
[1m[31m  [96mapps/tinder-like/src/app/match/confirm/confirm.component.ts[0m:[93m7[0m:[93m16[0m[39m[22m
[1m[31m    [7m7[0m   templateUrl: './confirm.component.html',[39m[22m
[1m[31m    [7m [0m [96m               ~~~~~~~~~~~~~~~~~~~~~~~~~~[0m[39m[22m
[1m[31m    Error occurs in the template of component ConfirmComponent.[39m[22m
[1m[31m[39m[22m
[1m[31m[39m[22m
[1m[31m[0m[91mError: [39m[31m[0m[96mapps/tinder-like/src/app/match/confirm/confirm.component.html[0m:[93m2[0m:[93m27[0m - [91merror[0m[90m TS2339: [0mProperty 't' does not exist on type 'ConfirmComponent'.[39m[22m
[1m[31m[39m[22m
[1m[31m[7m2[0m   <h1 mat-dialog-title>{{ t('title') }}</h1>[39m[22m
[1m[31m[7m [0m [91m                          ~[0m[39m[22m
[1m[31m[39m[22m
[1m[31m  [96mapps/tinder-like/src/app/match/confirm/confirm.component.ts[0m:[93m7[0m:[93m16[0m[39m[22m
[1m[31m    [7m7[0m   templateUrl: './confirm.component.html',[39m[22m
[1m[31m    [7m [0m [96m               ~~~~~~~~~~~~~~~~~~~~~~~~~~[0m[39m[22m
[1m[31m    Error occurs in the template of component ConfirmComponent.[39m[22m
[1m[31m[39m[22m
[1m[31m[39m[22m
[1m[31m[39m[22m
[37m[39m
[37m[91mâœ–[39m[37m Failed to compile.[39m
[36mâ ‹[39m Generating browser application bundles...[2K[1G[36mâ ™[39m Generating browser application bundles (phase: building)...[2K[1G[36mâ ¹[39m Generating browser application bundles (phase: building)...[2K[1G[36mâ ¸[39m Generating browser application bundles (phase: sealing)...[2K[1G[32mâœ”[39m Browser application bundle generation complete.
[37m[39m
[37m[0m5 unchanged chunks[0m[39m
[37m[0m[0m[39m
[37m[0mBuild at: [1m[37m2022-05-19T09:43:07.236Z[39m[37m[22m - Hash: [1m[37m50738e0cd7e134a0[39m[37m[22m - Time: [1m[37m576[39m[37m[22mms[0m[39m
[1m[31m[39m[22m
[1m[31m[0m[91mError: [39m[31m[0m[96mapps/tinder-like/src/app/match/confirm/confirm.component.html[0m:[93m1[0m:[93m26[0m - [91merror[0m[90m NG5002: [0m"let-" is only supported on ng-template elements.[39m[22m
[1m[31m[39m[22m
[1m[31m[7m1[0m <<ng-container transloco let-t>[39m[22m
[1m[31m[7m [0m [91m                         ~~~~~[0m[39m[22m
[1m[31m[39m[22m
[1m[31m  [96mapps/tinder-like/src/app/match/confirm/confirm.component.ts[0m:[93m7[0m:[93m16[0m[39m[22m
[1m[31m    [7m7[0m   templateUrl: './confirm.component.html',[39m[22m
[1m[31m    [7m [0m [96m               ~~~~~~~~~~~~~~~~~~~~~~~~~~[0m[39m[22m
[1m[31m    Error occurs in the template of component ConfirmComponent.[39m[22m
[1m[31m[39m[22m
[1m[31m[39m[22m
[1m[31m[0m[91mError: [39m[31m[0m[96mapps/tinder-like/src/app/match/confirm/confirm.component.html[0m:[93m2[0m:[93m27[0m - [91merror[0m[90m TS2339: [0mProperty 't' does not exist on type 'ConfirmComponent'.[39m[22m
[1m[31m[39m[22m
[1m[31m[7m2[0m   <h1 mat-dialog-title>{{ t('title') }}</h1>[39m[22m
[1m[31m[7m [0m [91m                          ~[0m[39m[22m
[1m[31m[39m[22m
[1m[31m  [96mapps/tinder-like/src/app/match/confirm/confirm.component.ts[0m:[93m7[0m:[93m16[0m[39m[22m
[1m[31m    [7m7[0m   templateUrl: './confirm.component.html',[39m[22m
[1m[31m    [7m [0m [96m               ~~~~~~~~~~~~~~~~~~~~~~~~~~[0m[39m[22m
[1m[31m    Error occurs in the template of component ConfirmComponent.[39m[22m
[1m[31m[39m[22m
[1m[31m[39m[22m
[1m[31m[39m[22m
[37m[39m
[37m[91mâœ–[39m[37m Failed to compile.[39m
[36mâ ‹[39m Generating browser application bundles...[2K[1G[36mâ ™[39m Generating browser application bundles (phase: building)...[2K[1G[36mâ ¹[39m Generating browser application bundles (phase: building)...[2K[1G[36mâ ¸[39m Generating browser application bundles (phase: sealing)...[2K[1G[36mâ ¼[39m Generating browser application bundles (phase: emitting)...[2K[1G[32mâœ”[39m Browser application bundle generation complete.
[37m[39m
[37m[0m[1mInitial Chunk Files[22m[2m | [22m[1mNames[22m  [2m | [22m[1mRaw Size[22m[0m[39m
[37m[0m[92mvendor.js[39m[37m          [2m | [22mvendor [2m | [22m [96m2.82 MB[39m[37m[2m | [22m[0m[39m
[37m[0m[92mmain.js[39m[37m            [2m | [22mmain   [2m | [22m[96m27.39 kB[39m[37m[2m | [22m[0m[39m
[37m[0m[92mruntime.js[39m[37m         [2m | [22mruntime[2m | [22m [96m6.52 kB[39m[37m[2m | [22m[0m[39m
[37m[0m[0m[39m
[37m[0m2 unchanged chunks[0m[39m
[37m[0m[0m[39m
[37m[0mBuild at: [1m[37m2022-05-19T09:43:56.021Z[39m[37m[22m - Hash: [1m[37m046d5f28e02f03de[39m[37m[22m - Time: [1m[37m1130[39m[37m[22mms[0m[39m
[37m[39m
[37m[92mâœ”[39m[37m Compiled successfully.[39m
[36mâ ‹[39m Generating browser application bundles...[2K[1G[36mâ ™[39m Generating browser application bundles (phase: building)...[2K[1G[36mâ ¹[39m Generating browser application bundles (phase: building)...[2K[1G[36mâ ¸[39m Generating browser application bundles (phase: building)...[2K[1G[36mâ ¼[39m Generating browser application bundles (phase: sealing)...[2K[1G[36mâ ´[39m Generating browser application bundles (phase: emitting)...[2K[1G[32mâœ”[39m Browser application bundle generation complete.
[37m[39m
[37m[0m[1mInitial Chunk Files[22m[2m | [22m[1mNames[22m  [2m | [22m[1mRaw Size[22m[0m[39m
[37m[0m[92mmain.js[39m[37m            [2m | [22mmain   [2m | [22m[96m27.31 kB[39m[37m[2m | [22m[0m[39m
[37m[0m[92mruntime.js[39m[37m         [2m | [22mruntime[2m | [22m [96m6.52 kB[39m[37m[2m | [22m[0m[39m
[37m[0m[0m[39m
[37m[0m3 unchanged chunks[0m[39m
[37m[0m[0m[39m
[37m[0mBuild at: [1m[37m2022-05-19T12:48:02.535Z[39m[37m[22m - Hash: [1m[37m57caec2588e5f1e9[39m[37m[22m - Time: [1m[37m1639[39m[37m[22mms[0m[39m
[37m[39m
[37m[92mâœ”[39m[37m Compiled successfully.[39m
[36mâ ‹[39m Generating browser application bundles...[2K[1G[36mâ ™[39m Generating browser application bundles (phase: building)...[2K[1G[36mâ ¹[39m Generating browser application bundles (phase: building)...[2K[1G[36mâ ¸[39m Generating browser application bundles (phase: sealing)...[2K[1G[36mâ ¼[39m Generating browser application bundles (phase: emitting)...[2K[1G[32mâœ”[39m Browser application bundle generation complete.
[37m[39m
[37m[0m5 unchanged chunks[0m[39m
[37m[0m[0m[39m
[37m[0mBuild at: [1m[37m2022-05-19T12:48:44.976Z[39m[37m[22m - Hash: [1m[37m57caec2588e5f1e9[39m[37m[22m - Time: [1m[37m980[39m[37m[22mms[0m[39m
[37m[39m
[37m[92mâœ”[39m[37m Compiled successfully.[39m
[36mâ ‹[39m Generating browser application bundles...[2K[1G[36mâ ™[39m Generating browser application bundles (phase: building)...[2K[1G[36mâ ¹[39m Generating browser application bundles (phase: building)...[2K[1G[36mâ ¸[39m Generating browser application bundles (phase: building)...[2K[1G[36mâ ¼[39m Generating browser application bundles (phase: sealing)...[2K[1G[32mâœ”[39m Browser application bundle generation complete.
[37m[39m
[37m[0m[1mInitial Chunk Files[22m[2m | [22m[1mNames[22m  [2m | [22m[1mRaw Size[22m[0m[39m
[37m[0m[92mmain.js[39m[37m            [2m | [22mmain   [2m | [22m[96m27.31 kB[39m[37m[2m | [22m[0m[39m
[37m[0m[92mruntime.js[39m[37m         [2m | [22mruntime[2m | [22m [96m6.52 kB[39m[37m[2m | [22m[0m[39m
[37m[0m[0m[39m
[37m[0m3 unchanged chunks[0m[39m
[37m[0m[0m[39m
[37m[0mBuild at: [1m[37m2022-05-19T12:48:48.918Z[39m[37m[22m - Hash: [1m[37mafad0c7b905375fd[39m[37m[22m - Time: [1m[37m725[39m[37m[22mms[0m[39m
[37m[39m
[37m[92mâœ”[39m[37m Compiled successfully.[39m
[36mâ ‹[39m Generating browser application bundles...[2K[1G[36mâ ™[39m Generating browser application bundles (phase: building)...[2K[1G[36mâ ¹[39m Generating browser application bundles (phase: building)...[2K[1G[36mâ ¸[39m Generating browser application bundles (phase: building)...[2K[1G[36mâ ¼[39m Generating browser application bundles (phase: sealing)...[2K[1G[32mâœ”[39m Browser application bundle generation complete.
[37m[39m
[37m[0m5 unchanged chunks[0m[39m
[37m[0m[0m[39m
[37m[0mBuild at: [1m[37m2022-05-19T12:48:50.528Z[39m[37m[22m - Hash: [1m[37mafad0c7b905375fd[39m[37m[22m - Time: [1m[37m1545[39m[37m[22mms[0m[39m
[37m[39m
[37m[92mâœ”[39m[37m Compiled successfully.[39m
